#
# There is insufficient memory for the Java Runtime Environment to continue.
# Native memory allocation (malloc) failed to allocate 1501152 bytes for Chunk::new
# Possible reasons:
#   The system is out of physical RAM or swap space
#   The process is running with CompressedOops enabled, and the Java Heap may be blocking the growth of the native heap
# Possible solutions:
#   Reduce memory load on the system
#   Increase physical memory or swap space
#   Check if swap backing store is full
#   Decrease Java heap size (-Xmx/-Xms)
#   Decrease number of Java threads
#   Decrease Java thread stack sizes (-Xss)
#   Set larger code cache with -XX:ReservedCodeCacheSize=
#   JVM is running with Unscaled Compressed Oops mode in which the Java heap is
#     placed in the first 4GB address space. The Java Heap base address is the
#     maximum limit for the native heap growth. Please use -XX:HeapBaseMinAddress
#     to set the Java Heap base and to place the Java Heap above 4GB virtual address.
# This output file may be truncated or incomplete.
#
#  Out of Memory Error (allocation.cpp:389), pid=8128, tid=0x0000000000004684
#
# JRE version: OpenJDK Runtime Environment (8.0_242-b01) (build 1.8.0_242-release-1644-b01)
# Java VM: OpenJDK 64-Bit Server VM (25.242-b01 mixed mode windows-amd64 compressed oops)
# Failed to write core dump. Minidumps are not enabled by default on client versions of Windows
#

---------------  T H R E A D  ---------------

Current thread (0x0000000018ec6800):  JavaThread "C2 CompilerThread2" daemon [_thread_in_native, id=18052, stack(0x000000001a700000,0x000000001a800000)]

Stack: [0x000000001a700000,0x000000001a800000]
[error occurred during error reporting (printing stack bounds), id 0xc0000005]

Native frames: (J=compiled Java code, j=interpreted, Vv=VM code, C=native code)


Current CompileTask:
C2:6882986 29769       4       org.gradle.api.internal.artifacts.ivyservice.modulecache.PersistentModuleMetadataCache$$Lambda$192/893574039::create (16 bytes)


---------------  P R O C E S S  ---------------

Java Threads: ( => current thread )
  0x000000001bb4b800 JavaThread "WorkerExecutor Queue Thread 2" [_thread_blocked, id=11284, stack(0x0000000040970000,0x0000000040a70000)]
  0x000000001bb4a000 JavaThread "stdout" [_thread_in_native, id=14408, stack(0x0000000040870000,0x0000000040970000)]
  0x000000001bb48800 JavaThread "stderr" [_thread_in_native, id=22304, stack(0x0000000040770000,0x0000000040870000)]
  0x000000001bb42800 JavaThread "pool-38-thread-1" [_thread_blocked, id=25076, stack(0x0000000040670000,0x0000000040770000)]
  0x000000001bb44000 JavaThread "WorkerExecutor Queue" [_thread_blocked, id=14192, stack(0x0000000040570000,0x0000000040670000)]
  0x000000001bb46800 JavaThread "Cache worker for execution history cache (C:\Users\DiabloZ\Documents\GIT\Android\Example_Android_Academy\.gradle\6.5\executionHistory)" [_thread_blocked, id=18712, stack(0x0000000040470000,0x0000000040570000)]
  0x000000001bb48000 JavaThread "Execution worker for ':' Thread 11" [_thread_blocked, id=11320, stack(0x0000000040370000,0x0000000040470000)]
  0x000000001bb40800 JavaThread "Execution worker for ':' Thread 10" [_thread_blocked, id=8900, stack(0x0000000040270000,0x0000000040370000)]
  0x000000001bb43800 JavaThread "Execution worker for ':' Thread 9" [_thread_blocked, id=18612, stack(0x0000000040170000,0x0000000040270000)]
  0x0000000021378800 JavaThread "Execution worker for ':' Thread 8" [_thread_blocked, id=11120, stack(0x0000000040070000,0x0000000040170000)]
  0x0000000021375800 JavaThread "Execution worker for ':' Thread 7" [_thread_blocked, id=11052, stack(0x000000003ff70000,0x0000000040070000)]
  0x0000000021371000 JavaThread "Execution worker for ':' Thread 6" [_thread_blocked, id=13832, stack(0x000000003fe70000,0x000000003ff70000)]
  0x0000000021373000 JavaThread "Execution worker for ':' Thread 5" [_thread_blocked, id=15488, stack(0x000000003fd70000,0x000000003fe70000)]
  0x0000000021377800 JavaThread "Execution worker for ':' Thread 4" [_thread_blocked, id=2904, stack(0x000000003fc70000,0x000000003fd70000)]
  0x0000000021368800 JavaThread "Execution worker for ':' Thread 3" [_thread_blocked, id=13692, stack(0x000000003fb70000,0x000000003fc70000)]
  0x000000002136f800 JavaThread "Execution worker for ':' Thread 2" [_thread_blocked, id=12144, stack(0x000000003fa70000,0x000000003fb70000)]
  0x000000002136e800 JavaThread "Execution worker for ':'" [_thread_blocked, id=19980, stack(0x000000003f970000,0x000000003fa70000)]
  0x0000000021367000 JavaThread "Cache worker for file content cache (C:\Users\DiabloZ\Documents\GIT\Android\Example_Android_Academy\.gradle\6.5\fileContent)" [_thread_blocked, id=23132, stack(0x000000003f870000,0x000000003f970000)]
  0x000000002136e000 JavaThread "Cache worker for Build Output Cleanup Cache (C:\Users\DiabloZ\Documents\GIT\Android\Example_Android_Academy\.gradle\buildOutputCleanup)" [_thread_blocked, id=21244, stack(0x000000003f770000,0x000000003f870000)]
  0x0000000021366800 JavaThread "Build operations Thread 12" [_thread_blocked, id=25200, stack(0x000000003f670000,0x000000003f770000)]
  0x000000002136b000 JavaThread "Build operations Thread 11" [_thread_blocked, id=23148, stack(0x000000003f570000,0x000000003f670000)]
  0x000000002136a000 JavaThread "Build operations Thread 10" [_thread_blocked, id=20372, stack(0x000000003f470000,0x000000003f570000)]
  0x000000002136d000 JavaThread "Build operations Thread 9" [_thread_blocked, id=24620, stack(0x000000003f370000,0x000000003f470000)]
  0x000000002136b800 JavaThread "Build operations Thread 8" [_thread_blocked, id=4884, stack(0x000000003f270000,0x000000003f370000)]
  0x0000000021362000 JavaThread "Build operations Thread 7" [_thread_blocked, id=16040, stack(0x000000003f170000,0x000000003f270000)]
  0x0000000021365800 JavaThread "Build operations Thread 6" [_thread_blocked, id=19176, stack(0x000000003f070000,0x000000003f170000)]
  0x0000000021363800 JavaThread "Build operations Thread 5" [_thread_blocked, id=1580, stack(0x000000003ef70000,0x000000003f070000)]
  0x0000000021362800 JavaThread "Build operations Thread 4" [_thread_blocked, id=17464, stack(0x000000003ee70000,0x000000003ef70000)]
  0x0000000021364000 JavaThread "Build operations Thread 3" [_thread_blocked, id=25004, stack(0x000000003ed70000,0x000000003ee70000)]
  0x0000000021365000 JavaThread "Build operations Thread 2" [_thread_blocked, id=11624, stack(0x000000003ec70000,0x000000003ed70000)]
  0x000000001cd31000 JavaThread "Build operations" [_thread_blocked, id=19168, stack(0x000000003eb70000,0x000000003ec70000)]
  0x000000001cd34000 JavaThread "Cache worker for cache directory md-rule (C:\Users\DiabloZ\.gradle\caches\6.5\md-rule)" [_thread_blocked, id=13028, stack(0x000000003ea70000,0x000000003eb70000)]
  0x000000001cd30000 JavaThread "Cache worker for cache directory md-supplier (C:\Users\DiabloZ\.gradle\caches\6.5\md-supplier)" [_thread_blocked, id=22532, stack(0x000000003e970000,0x000000003ea70000)]
  0x000000001cd37000 JavaThread "Cache worker for checksums cache (C:\Users\DiabloZ\Documents\GIT\Android\Example_Android_Academy\.gradle\checksums)" [_thread_blocked, id=2012, stack(0x000000003e870000,0x000000003e970000)]
  0x000000001cd2f800 JavaThread "Cache worker for file hash cache (C:\Users\DiabloZ\Documents\GIT\Android\Example_Android_Academy\.gradle\6.5\fileHashes)" [_thread_blocked, id=9336, stack(0x000000003e770000,0x000000003e870000)]
  0x000000001cd35800 JavaThread "Thread-1327" [_thread_blocked, id=19332, stack(0x000000003e670000,0x000000003e770000)]
  0x000000001cd34800 JavaThread "Stdin handler" [_thread_blocked, id=24284, stack(0x000000003e570000,0x000000003e670000)]
  0x000000001cd28000 JavaThread "Asynchronous log dispatcher for DefaultDaemonConnection: socket connection from /127.0.0.1:11771 to /127.0.0.1:1692" [_thread_blocked, id=22168, stack(0x000000003e470000,0x000000003e570000)]
  0x000000001cd2e800 JavaThread "Cancel handler" [_thread_blocked, id=22068, stack(0x000000003e370000,0x000000003e470000)]
  0x000000001cd28800 JavaThread "Handler for socket connection from /127.0.0.1:11771 to /127.0.0.1:1692" [_thread_in_native, id=4472, stack(0x000000003e270000,0x000000003e370000)]
  0x000000001cd2c800 JavaThread "ForkJoinPool.commonPool-worker-2" daemon [_thread_blocked, id=5404, stack(0x000000003e070000,0x000000003e170000)]
  0x000000001cd33000 JavaThread "ForkJoinPool.commonPool-worker-9" daemon [_thread_blocked, id=21620, stack(0x000000003df70000,0x000000003e070000)]
  0x000000001cd32800 JavaThread "ForkJoinPool.commonPool-worker-0" daemon [_thread_blocked, id=17368, stack(0x000000003de70000,0x000000003df70000)]
  0x000000001cd31800 JavaThread "ForkJoinPool.commonPool-worker-7" daemon [_thread_blocked, id=14116, stack(0x000000003dd70000,0x000000003de70000)]
  0x000000001cd36000 JavaThread "ForkJoinPool.commonPool-worker-1" daemon [_thread_blocked, id=1040, stack(0x0000000038170000,0x0000000038270000)]
  0x000000001cd2b800 JavaThread "RMI TCP Connection(idle)" daemon [_thread_blocked, id=25132, stack(0x000000007f270000,0x000000007f370000)]
  0x000000001bb4b000 JavaThread "RMI TCP Connection(idle)" daemon [_thread_blocked, id=23816, stack(0x000000007e670000,0x000000007e770000)]
  0x0000000021f92800 JavaThread "jar transforms Thread 708" [_thread_blocked, id=17100, stack(0x000000007cf70000,0x000000007d070000)]
  0x0000000021f93000 JavaThread "jar transforms Thread 707" [_thread_blocked, id=11000, stack(0x000000007ce70000,0x000000007cf70000)]
  0x0000000021f91800 JavaThread "jar transforms Thread 706" [_thread_blocked, id=20428, stack(0x000000007cd70000,0x000000007ce70000)]
  0x0000000021f95800 JavaThread "jar transforms Thread 705" [_thread_blocked, id=13200, stack(0x000000007cc70000,0x000000007cd70000)]
  0x0000000021f90000 JavaThread "jar transforms Thread 704" [_thread_blocked, id=7592, stack(0x000000007cb70000,0x000000007cc70000)]
  0x000000001f193800 JavaThread "jar transforms Thread 703" [_thread_blocked, id=2520, stack(0x000000007ca70000,0x000000007cb70000)]
  0x000000001f19a000 JavaThread "jar transforms Thread 702" [_thread_blocked, id=1420, stack(0x000000007c970000,0x000000007ca70000)]
  0x000000001f199800 JavaThread "jar transforms Thread 701" [_thread_blocked, id=7316, stack(0x000000007c870000,0x000000007c970000)]
  0x000000001f196800 JavaThread "jar transforms Thread 700" [_thread_blocked, id=8684, stack(0x000000007c770000,0x000000007c870000)]
  0x000000001f195800 JavaThread "jar transforms Thread 699" [_thread_blocked, id=1856, stack(0x000000007c670000,0x000000007c770000)]
  0x000000001f198800 JavaThread "jar transforms Thread 698" [_thread_blocked, id=25476, stack(0x000000007c570000,0x000000007c670000)]
  0x000000001f197000 JavaThread "jar transforms Thread 697" [_thread_blocked, id=23056, stack(0x000000007c470000,0x000000007c570000)]
  0x000000001f195000 JavaThread "jar transforms Thread 696" [_thread_blocked, id=21532, stack(0x000000007c370000,0x000000007c470000)]
  0x000000001f194000 JavaThread "jar transforms Thread 695" [_thread_blocked, id=25584, stack(0x000000007c270000,0x000000007c370000)]
  0x000000001f198000 JavaThread "jar transforms Thread 694" [_thread_blocked, id=14508, stack(0x000000007c170000,0x000000007c270000)]
  0x000000001f18c000 JavaThread "jar transforms Thread 693" [_thread_blocked, id=24648, stack(0x000000007c070000,0x000000007c170000)]
  0x000000001f192800 JavaThread "jar transforms Thread 692" [_thread_blocked, id=24192, stack(0x000000007bf70000,0x000000007c070000)]
  0x000000001f18c800 JavaThread "jar transforms Thread 691" [_thread_blocked, id=16068, stack(0x000000007be70000,0x000000007bf70000)]
  0x000000001f18b000 JavaThread "jar transforms Thread 690" [_thread_blocked, id=10484, stack(0x000000007bd70000,0x000000007be70000)]
  0x000000001f192000 JavaThread "jar transforms Thread 689" [_thread_blocked, id=11876, stack(0x000000007bc70000,0x000000007bd70000)]
  0x000000001f18f800 JavaThread "jar transforms Thread 688" [_thread_blocked, id=12216, stack(0x000000007bb70000,0x000000007bc70000)]
  0x000000001f18d800 JavaThread "jar transforms Thread 687" [_thread_blocked, id=13236, stack(0x000000007ba70000,0x000000007bb70000)]
  0x000000001f18f000 JavaThread "jar transforms Thread 686" [_thread_blocked, id=23456, stack(0x000000007b970000,0x000000007ba70000)]
  0x00000000312c9000 JavaThread "jar transforms Thread 685" [_thread_blocked, id=10308, stack(0x000000007b870000,0x000000007b970000)]
  0x00000000312c8800 JavaThread "jar transforms Thread 684" [_thread_blocked, id=2772, stack(0x000000007b770000,0x000000007b870000)]
  0x00000000312c7800 JavaThread "jar transforms Thread 683" [_thread_blocked, id=14180, stack(0x000000007b670000,0x000000007b770000)]
  0x00000000312cb800 JavaThread "jar transforms Thread 682" [_thread_blocked, id=6964, stack(0x000000007b570000,0x000000007b670000)]
  0x00000000312c5800 JavaThread "jar transforms Thread 681" [_thread_blocked, id=18776, stack(0x000000007b470000,0x000000007b570000)]
  0x00000000312ca800 JavaThread "jar transforms Thread 680" [_thread_blocked, id=23872, stack(0x000000007b370000,0x000000007b470000)]
  0x00000000312c7000 JavaThread "jar transforms Thread 679" [_thread_blocked, id=22380, stack(0x000000007b270000,0x000000007b370000)]
  0x00000000312ca000 JavaThread "jar transforms Thread 678" [_thread_blocked, id=8188, stack(0x000000007b170000,0x000000007b270000)]
  0x00000000312c0000 JavaThread "jar transforms Thread 677" [_thread_blocked, id=11564, stack(0x000000007b070000,0x000000007b170000)]
  0x00000000312c4800 JavaThread "jar transforms Thread 676" [_thread_blocked, id=11020, stack(0x000000007af70000,0x000000007b070000)]
  0x00000000312c6000 JavaThread "jar transforms Thread 675" [_thread_blocked, id=20968, stack(0x000000007ae70000,0x000000007af70000)]
  0x00000000312bd000 JavaThread "jar transforms Thread 674" [_thread_blocked, id=9896, stack(0x000000007ad70000,0x000000007ae70000)]
  0x00000000312c4000 JavaThread "jar transforms Thread 673" [_thread_blocked, id=11900, stack(0x000000007ac70000,0x000000007ad70000)]
  0x00000000312bf800 JavaThread "jar transforms Thread 672" [_thread_blocked, id=15032, stack(0x000000007ab70000,0x000000007ac70000)]
  0x00000000312bc800 JavaThread "jar transforms Thread 671" [_thread_blocked, id=17976, stack(0x000000007aa70000,0x000000007ab70000)]
  0x00000000312c3000 JavaThread "jar transforms Thread 670" [_thread_blocked, id=1540, stack(0x000000007a970000,0x000000007aa70000)]
  0x00000000312be800 JavaThread "jar transforms Thread 669" [_thread_blocked, id=16836, stack(0x000000007a870000,0x000000007a970000)]
  0x00000000312c2800 JavaThread "jar transforms Thread 668" [_thread_blocked, id=8704, stack(0x000000007a770000,0x000000007a870000)]
  0x00000000312c1800 JavaThread "jar transforms Thread 667" [_thread_blocked, id=10036, stack(0x000000007a670000,0x000000007a770000)]
  0x0000000019103000 JavaThread "jar transforms Thread 666" [_thread_blocked, id=22772, stack(0x000000007a570000,0x000000007a670000)]
  0x0000000019101000 JavaThread "jar transforms Thread 665" [_thread_blocked, id=17008, stack(0x000000007a470000,0x000000007a570000)]
  0x0000000019106000 JavaThread "jar transforms Thread 664" [_thread_blocked, id=24144, stack(0x000000007a370000,0x000000007a470000)]
  0x0000000019100000 JavaThread "jar transforms Thread 663" [_thread_blocked, id=2316, stack(0x000000007a270000,0x000000007a370000)]
  0x0000000019101800 JavaThread "jar transforms Thread 662" [_thread_blocked, id=7408, stack(0x000000007a170000,0x000000007a270000)]
  0x0000000019102800 JavaThread "jar transforms Thread 661" [_thread_blocked, id=19928, stack(0x000000007a070000,0x000000007a170000)]
  0x0000000019105800 JavaThread "jar transforms Thread 660" [_thread_blocked, id=4020, stack(0x0000000079f70000,0x000000007a070000)]
  0x0000000019104800 JavaThread "jar transforms Thread 659" [_thread_blocked, id=21836, stack(0x0000000079e70000,0x0000000079f70000)]
  0x0000000019104000 JavaThread "jar transforms Thread 658" [_thread_blocked, id=13128, stack(0x0000000079d70000,0x0000000079e70000)]
  0x00000000190ff800 JavaThread "jar transforms Thread 657" [_thread_blocked, id=22336, stack(0x0000000079c70000,0x0000000079d70000)]
  0x00000000190f8000 JavaThread "jar transforms Thread 656" [_thread_blocked, id=13232, stack(0x0000000079b70000,0x0000000079c70000)]
  0x00000000190fe800 JavaThread "jar transforms Thread 655" [_thread_blocked, id=10764, stack(0x0000000079a70000,0x0000000079b70000)]
  0x00000000190fc800 JavaThread "jar transforms Thread 654" [_thread_blocked, id=21628, stack(0x0000000079970000,0x0000000079a70000)]
  0x00000000190fb800 JavaThread "jar transforms Thread 653" [_thread_blocked, id=21900, stack(0x0000000079870000,0x0000000079970000)]
  0x00000000190fa000 JavaThread "jar transforms Thread 652" [_thread_blocked, id=17156, stack(0x0000000079770000,0x0000000079870000)]
  0x00000000190fe000 JavaThread "jar transforms Thread 651" [_thread_blocked, id=24272, stack(0x0000000079670000,0x0000000079770000)]
  0x00000000190f7000 JavaThread "jar transforms Thread 650" [_thread_blocked, id=16408, stack(0x0000000079570000,0x0000000079670000)]
  0x00000000190f9800 JavaThread "jar transforms Thread 649" [_thread_blocked, id=4592, stack(0x0000000079470000,0x0000000079570000)]
  0x00000000190f8800 JavaThread "jar transforms Thread 648" [_thread_blocked, id=16752, stack(0x0000000079370000,0x0000000079470000)]
  0x00000000190fb000 JavaThread "jar transforms Thread 647" [_thread_blocked, id=25324, stack(0x0000000079270000,0x0000000079370000)]
  0x0000000021679800 JavaThread "jar transforms Thread 646" [_thread_blocked, id=17512, stack(0x0000000079170000,0x0000000079270000)]
  0x000000002167c000 JavaThread "jar transforms Thread 645" [_thread_blocked, id=19640, stack(0x0000000079070000,0x0000000079170000)]
  0x000000002167b000 JavaThread "jar transforms Thread 644" [_thread_blocked, id=10172, stack(0x0000000078f70000,0x0000000079070000)]
  0x0000000021675000 JavaThread "jar transforms Thread 643" [_thread_blocked, id=21692, stack(0x0000000078e70000,0x0000000078f70000)]
  0x0000000021676800 JavaThread "jar transforms Thread 642" [_thread_blocked, id=22048, stack(0x0000000078d70000,0x0000000078e70000)]
  0x0000000021678000 JavaThread "jar transforms Thread 641" [_thread_blocked, id=20444, stack(0x0000000078c70000,0x0000000078d70000)]
  0x0000000021676000 JavaThread "jar transforms Thread 640" [_thread_blocked, id=23756, stack(0x0000000078b70000,0x0000000078c70000)]
  0x000000002167a800 JavaThread "jar transforms Thread 639" [_thread_blocked, id=14800, stack(0x0000000078a70000,0x0000000078b70000)]
  0x0000000021677800 JavaThread "jar transforms Thread 638" [_thread_blocked, id=272, stack(0x0000000078970000,0x0000000078a70000)]
  0x0000000021679000 JavaThread "jar transforms Thread 637" [_thread_blocked, id=11112, stack(0x0000000078870000,0x0000000078970000)]
  0x000000002166f000 JavaThread "jar transforms Thread 636" [_thread_blocked, id=23536, stack(0x0000000078770000,0x0000000078870000)]
  0x000000002166e800 JavaThread "jar transforms Thread 635" [_thread_blocked, id=24204, stack(0x0000000078670000,0x0000000078770000)]
  0x000000002166d800 JavaThread "jar transforms Thread 634" [_thread_blocked, id=22700, stack(0x0000000078570000,0x0000000078670000)]
  0x0000000021674800 JavaThread "jar transforms Thread 633" [_thread_blocked, id=24244, stack(0x0000000078470000,0x0000000078570000)]
  0x0000000021670800 JavaThread "jar transforms Thread 632" [_thread_blocked, id=24352, stack(0x0000000078370000,0x0000000078470000)]
  0x0000000021673800 JavaThread "jar transforms Thread 631" [_thread_blocked, id=18396, stack(0x0000000078270000,0x0000000078370000)]
  0x000000002166c000 JavaThread "jar transforms Thread 630" [_thread_blocked, id=18708, stack(0x0000000078170000,0x0000000078270000)]
  0x0000000021673000 JavaThread "jar transforms Thread 629" [_thread_blocked, id=1084, stack(0x0000000078070000,0x0000000078170000)]
  0x0000000021672000 JavaThread "jar transforms Thread 628" [_thread_blocked, id=16468, stack(0x0000000077f70000,0x0000000078070000)]
  0x000000002166d000 JavaThread "jar transforms Thread 627" [_thread_blocked, id=18220, stack(0x0000000077e70000,0x0000000077f70000)]
  0x0000000021671800 JavaThread "jar transforms Thread 626" [_thread_blocked, id=2276, stack(0x0000000077d70000,0x0000000077e70000)]
  0x0000000021670000 JavaThread "jar transforms Thread 625" [_thread_blocked, id=21480, stack(0x0000000077c70000,0x0000000077d70000)]
  0x0000000021664800 JavaThread "jar transforms Thread 624" [_thread_blocked, id=4080, stack(0x0000000077b70000,0x0000000077c70000)]
  0x000000002166b800 JavaThread "jar transforms Thread 623" [_thread_blocked, id=23564, stack(0x0000000077a70000,0x0000000077b70000)]
  0x000000002166a800 JavaThread "jar transforms Thread 622" [_thread_blocked, id=20224, stack(0x0000000077970000,0x0000000077a70000)]
  0x0000000021669000 JavaThread "jar transforms Thread 621" [_thread_blocked, id=16112, stack(0x0000000077870000,0x0000000077970000)]
  0x000000002166a000 JavaThread "jar transforms Thread 620" [_thread_blocked, id=25452, stack(0x0000000077770000,0x0000000077870000)]
  0x0000000021667000 JavaThread "jar transforms Thread 619" [_thread_blocked, id=23836, stack(0x0000000077670000,0x0000000077770000)]
  0x0000000021667800 JavaThread "jar transforms Thread 618" [_thread_blocked, id=23396, stack(0x0000000077570000,0x0000000077670000)]
  0x0000000021668800 JavaThread "jar transforms Thread 617" [_thread_blocked, id=18648, stack(0x0000000077470000,0x0000000077570000)]
  0x0000000021666000 JavaThread "jar transforms Thread 616" [_thread_blocked, id=5024, stack(0x0000000077370000,0x0000000077470000)]
  0x0000000021665800 JavaThread "jar transforms Thread 615" [_thread_blocked, id=20236, stack(0x0000000077270000,0x0000000077370000)]
  0x000000002165d000 JavaThread "jar transforms Thread 614" [_thread_blocked, id=11660, stack(0x0000000077170000,0x0000000077270000)]
  0x0000000021664000 JavaThread "jar transforms Thread 613" [_thread_blocked, id=19704, stack(0x0000000077070000,0x0000000077170000)]
  0x0000000021661800 JavaThread "jar transforms Thread 612" [_thread_blocked, id=13772, stack(0x0000000076f70000,0x0000000077070000)]
  0x000000002165d800 JavaThread "jar transforms Thread 611" [_thread_blocked, id=25120, stack(0x0000000076e70000,0x0000000076f70000)]
  0x0000000021660000 JavaThread "jar transforms Thread 610" [_thread_blocked, id=22392, stack(0x0000000076d70000,0x0000000076e70000)]
  0x0000000021663000 JavaThread "jar transforms Thread 609" [_thread_blocked, id=6232, stack(0x0000000076c70000,0x0000000076d70000)]
  0x000000002165e800 JavaThread "jar transforms Thread 608" [_thread_blocked, id=19916, stack(0x0000000076b70000,0x0000000076c70000)]
  0x000000002165f000 JavaThread "jar transforms Thread 607" [_thread_blocked, id=252, stack(0x0000000076a70000,0x0000000076b70000)]
  0x0000000021662800 JavaThread "jar transforms Thread 606" [_thread_blocked, id=16968, stack(0x0000000076970000,0x0000000076a70000)]
  0x000000002137c000 JavaThread "jar transforms Thread 605" [_thread_blocked, id=12040, stack(0x0000000076870000,0x0000000076970000)]
  0x000000002137a000 JavaThread "jar transforms Thread 604" [_thread_blocked, id=19780, stack(0x0000000076770000,0x0000000076870000)]
  0x000000002137e800 JavaThread "jar transforms Thread 603" [_thread_blocked, id=6896, stack(0x0000000076670000,0x0000000076770000)]
  0x000000002137d800 JavaThread "jar transforms Thread 602" [_thread_blocked, id=16264, stack(0x0000000076570000,0x0000000076670000)]
  0x0000000021379000 JavaThread "jar transforms Thread 601" [_thread_blocked, id=2040, stack(0x0000000076470000,0x0000000076570000)]
  0x000000002137b800 JavaThread "jar transforms Thread 600" [_thread_blocked, id=4512, stack(0x0000000076370000,0x0000000076470000)]
  0x000000002137f000 JavaThread "jar transforms Thread 599" [_thread_blocked, id=24068, stack(0x0000000076270000,0x0000000076370000)]
  0x000000002137d000 JavaThread "jar transforms Thread 598" [_thread_blocked, id=19776, stack(0x0000000076170000,0x0000000076270000)]
  0x000000002137a800 JavaThread "jar transforms Thread 597" [_thread_blocked, id=25100, stack(0x0000000076070000,0x0000000076170000)]
  0x0000000021371800 JavaThread "jar transforms Thread 596" [_thread_blocked, id=22204, stack(0x0000000075f70000,0x0000000076070000)]
  0x0000000021377000 JavaThread "jar transforms Thread 595" [_thread_blocked, id=11060, stack(0x0000000075e70000,0x0000000075f70000)]
  0x0000000021376000 JavaThread "jar transforms Thread 594" [_thread_blocked, id=20976, stack(0x0000000075d70000,0x0000000075e70000)]
  0x0000000021374800 JavaThread "jar transforms Thread 593" [_thread_blocked, id=21088, stack(0x0000000075c70000,0x0000000075d70000)]
  0x0000000021372800 JavaThread "jar transforms Thread 592" [_thread_blocked, id=18992, stack(0x0000000075b70000,0x0000000075c70000)]
  0x0000000021374000 JavaThread "jar transforms Thread 591" [_thread_blocked, id=18252, stack(0x0000000075a70000,0x0000000075b70000)]
  0x0000000021369800 JavaThread "Daemon worker Thread 6" [_thread_blocked, id=25216, stack(0x0000000073db0000,0x0000000073eb0000)]
  0x0000000021361000 JavaThread "Daemon Thread 6" [_thread_blocked, id=23800, stack(0x0000000073ab0000,0x0000000073bb0000)]
  0x0000000021360800 JavaThread "Cache worker for Java compile cache (C:\Users\DiabloZ\.gradle\caches\6.5\javaCompile)" [_thread_blocked, id=11036, stack(0x0000000044970000,0x0000000044a70000)]
  0x000000001bb41000 JavaThread "RMI Reaper" [_thread_blocked, id=20948, stack(0x0000000037f70000,0x0000000038070000)]
  0x000000001bb47000 JavaThread "RMI TCP Accept-0" daemon [_thread_in_native, id=20756, stack(0x0000000037e70000,0x0000000037f70000)]
  0x000000001bb45800 JavaThread "GC Daemon" daemon [_thread_blocked, id=4380, stack(0x0000000037d70000,0x0000000037e70000)]
  0x000000001bb42000 JavaThread "RMI Scheduler(0)" daemon [_thread_blocked, id=13600, stack(0x0000000037b70000,0x0000000037c70000)]
  0x0000000021f98800 JavaThread "Memory manager" [_thread_blocked, id=19460, stack(0x000000002de60000,0x000000002df60000)]
  0x000000001c761800 JavaThread "Cache worker for file content cache (C:\Users\DiabloZ\.gradle\caches\6.5\fileContent)" [_thread_blocked, id=15976, stack(0x0000000023000000,0x0000000023100000)]
  0x000000001c767800 JavaThread "Cache worker for execution history cache (C:\Users\DiabloZ\.gradle\caches\6.5\executionHistory)" [_thread_blocked, id=21912, stack(0x0000000022a00000,0x0000000022b00000)]
  0x000000001c766800 JavaThread "Cache worker for file hash cache (C:\Users\DiabloZ\.gradle\caches\6.5\fileHashes)" [_thread_blocked, id=5072, stack(0x000000001ec30000,0x000000001ed30000)]
  0x000000001c763800 JavaThread "File lock request listener" [_thread_in_native, id=6480, stack(0x000000001eb30000,0x000000001ec30000)]
  0x000000001c6a7800 JavaThread "Cache worker for journal cache (C:\Users\DiabloZ\.gradle\caches\journal-1)" [_thread_blocked, id=14520, stack(0x000000001ea30000,0x000000001eb30000)]
  0x000000001c54f000 JavaThread "Daemon periodic checks" [_thread_blocked, id=14588, stack(0x000000001dd30000,0x000000001de30000)]
  0x000000001c54c000 JavaThread "Incoming local TCP Connector on port 11771" [_thread_in_native, id=11648, stack(0x000000001dae0000,0x000000001dbe0000)]
  0x000000001c077000 JavaThread "Daemon health stats" [_thread_blocked, id=11760, stack(0x000000001d4a0000,0x000000001d5a0000)]
  0x0000000018f01800 JavaThread "Service Thread" daemon [_thread_blocked, id=17468, stack(0x000000001a900000,0x000000001aa00000)]
  0x0000000018ec7800 JavaThread "C1 CompilerThread3" daemon [_thread_blocked, id=6716, stack(0x000000001a800000,0x000000001a900000)]
=>0x0000000018ec6800 JavaThread "C2 CompilerThread2" daemon [_thread_in_native, id=18052, stack(0x000000001a700000,0x000000001a800000)]
  0x0000000018ebd000 JavaThread "C2 CompilerThread1" daemon [_thread_blocked, id=14296, stack(0x000000001a600000,0x000000001a700000)]
  0x0000000018eb7800 JavaThread "C2 CompilerThread0" daemon [_thread_blocked, id=12024, stack(0x000000001a500000,0x000000001a600000)]
  0x0000000018eb3000 JavaThread "Attach Listener" daemon [_thread_blocked, id=10040, stack(0x000000001a400000,0x000000001a500000)]
  0x0000000018eb2000 JavaThread "Signal Dispatcher" daemon [_thread_blocked, id=2544, stack(0x000000001a300000,0x000000001a400000)]
  0x00000000177d2800 JavaThread "Finalizer" daemon [_thread_blocked, id=13192, stack(0x000000001a100000,0x000000001a200000)]
  0x0000000018ea3000 JavaThread "Reference Handler" daemon [_thread_blocked, id=5772, stack(0x000000001a000000,0x000000001a100000)]
  0x000000000245e000 JavaThread "main" [_thread_blocked, id=7104, stack(0x0000000002300000,0x0000000002400000)]

Other Threads:
  0x00000000177c5800 VMThread [stack: 0x0000000019f00000,0x000000001a000000] [id=21724]
  0x0000000018f4e800 WatcherThread [stack: 0x000000001aa00000,0x000000001ab00000] [id=15708]

VM state:not at safepoint (normal execution)

VM Mutex/Monitor currently owned by a thread: None

heap address: 0x0000000080000000, size: 2048 MB, Compressed Oops mode: 32-bit
Narrow klass base: 0x0000000000000000, Narrow klass shift: 3
Compressed class space size: 1073741824 Address: 0x0000000100000000

Heap:
 PSYoungGen      total 375296K, used 109684K [0x00000000d5580000, 0x00000000f3480000, 0x0000000100000000)
  eden space 348160K, 23% used [0x00000000d5580000,0x00000000da681060,0x00000000ea980000)
  from space 27136K, 98% used [0x00000000eb000000,0x00000000eca1c258,0x00000000eca80000)
  to   space 71168K, 0% used [0x00000000eef00000,0x00000000eef00000,0x00000000f3480000)
 ParOldGen       total 708608K, used 75274K [0x0000000080000000, 0x00000000ab400000, 0x00000000d5580000)
  object space 708608K, 10% used [0x0000000080000000,0x0000000084982970,0x00000000ab400000)
 Metaspace       used 109552K, capacity 119552K, committed 119832K, reserved 1153024K
  class space    used 14131K, capacity 15860K, committed 15920K, reserved 1048576K

Card table byte_map: [0x0000000011920000,0x0000000011d30000] byte_map_base: 0x0000000011520000

Marking Bits: (ParMarkBitMap*) 0x00000000752ef030
 Begin Bits: [0x00000000129e0000, 0x00000000149e0000)
 End Bits:   [0x00000000149e0000, 0x00000000169e0000)

Polling page: 0x0000000000560000

CodeCache: size=245760Kb used=77525Kb max_used=77551Kb free=168234Kb
 bounds [0x0000000002560000, 0x00000000071a0000, 0x0000000011560000]
 total_blobs=23771 nmethods=22839 adapters=841
 compilation: enabled

Compilation events (10 events):
Event: 6882.754 Thread 0x0000000018ec7800 29824       3       org.gradle.api.internal.DefaultNamedDomainObjectCollection::getNamer (11 bytes)
Event: 6882.754 Thread 0x0000000018ec7800 nmethod 29824 0x00000000041e2b50 code [0x00000000041e2ca0, 0x00000000041e2e50]
Event: 6882.761 Thread 0x0000000018ec7800 29826   !   3       java.util.concurrent.FutureTask::run (126 bytes)
Event: 6882.761 Thread 0x0000000018ec7800 nmethod 29826 0x0000000006a3ee90 code [0x0000000006a3f080, 0x0000000006a3f9c8]
Event: 6882.773 Thread 0x0000000018ebd000 nmethod 29820 0x000000000717cf50 code [0x000000000717d260, 0x000000000717e938]
Event: 6882.773 Thread 0x0000000018ebd000 29825       4       org.gradle.api.internal.artifacts.ivyservice.resolveengine.artifact.ResolvedArtifactsGraphVisitor::visitEdges (152 bytes)
Event: 6882.785 Thread 0x0000000018ebd000 nmethod 29825 0x0000000007180890 code [0x0000000007180ac0, 0x0000000007181650]
Event: 6882.785 Thread 0x0000000018ebd000 29822       4       org.gradle.api.internal.artifacts.dsl.dependencies.DefaultDependencyHandler_Decorated::getConstraints (39 bytes)
Event: 6882.785 Thread 0x0000000018ebd000 nmethod 29822 0x00000000029337d0 code [0x0000000002933900, 0x0000000002933978]
Event: 6882.815 Thread 0x0000000018eb7800 nmethod 29821 0x0000000007187ed0 code [0x00000000071882e0, 0x000000000718bfb8]

GC Heap History (10 events):
Event: 6772.982 GC heap before
{Heap before GC invocations=29 (full 4):
 PSYoungGen      total 459264K, used 412075K [0x00000000d5580000, 0x00000000f7700000, 0x0000000100000000)
  eden space 382464K, 100% used [0x00000000d5580000,0x00000000ecb00000,0x00000000ecb00000)
  from space 76800K, 38% used [0x00000000f2c00000,0x00000000f48eaec0,0x00000000f7700000)
  to   space 88064K, 0% used [0x00000000ecb00000,0x00000000ecb00000,0x00000000f2100000)
 ParOldGen       total 708608K, used 75234K [0x0000000080000000, 0x00000000ab400000, 0x00000000d5580000)
  object space 708608K, 10% used [0x0000000080000000,0x0000000084978970,0x00000000ab400000)
 Metaspace       used 107575K, capacity 115652K, committed 115736K, reserved 1148928K
  class space    used 13843K, capacity 15332K, committed 15408K, reserved 1048576K
Event: 6772.995 GC heap after
Heap after GC invocations=29 (full 4):
 PSYoungGen      total 412160K, used 36557K [0x00000000d5580000, 0x00000000f6700000, 0x0000000100000000)
  eden space 375296K, 0% used [0x00000000d5580000,0x00000000d5580000,0x00000000ec400000)
  from space 36864K, 99% used [0x00000000ecb00000,0x00000000eeeb3408,0x00000000eef00000)
  to   space 83456K, 0% used [0x00000000f1580000,0x00000000f1580000,0x00000000f6700000)
 ParOldGen       total 708608K, used 75242K [0x0000000080000000, 0x00000000ab400000, 0x00000000d5580000)
  object space 708608K, 10% used [0x0000000080000000,0x000000008497a970,0x00000000ab400000)
 Metaspace       used 107575K, capacity 115652K, committed 115736K, reserved 1148928K
  class space    used 13843K, capacity 15332K, committed 15408K, reserved 1048576K
}
Event: 6789.733 GC heap before
{Heap before GC invocations=30 (full 4):
 PSYoungGen      total 412160K, used 411853K [0x00000000d5580000, 0x00000000f6700000, 0x0000000100000000)
  eden space 375296K, 100% used [0x00000000d5580000,0x00000000ec400000,0x00000000ec400000)
  from space 36864K, 99% used [0x00000000ecb00000,0x00000000eeeb3408,0x00000000eef00000)
  to   space 83456K, 0% used [0x00000000f1580000,0x00000000f1580000,0x00000000f6700000)
 ParOldGen       total 708608K, used 75242K [0x0000000080000000, 0x00000000ab400000, 0x00000000d5580000)
  object space 708608K, 10% used [0x0000000080000000,0x000000008497a970,0x00000000ab400000)
 Metaspace       used 107893K, capacity 116008K, committed 116248K, reserved 1150976K
  class space    used 13845K, capacity 15336K, committed 15408K, reserved 1048576K
Event: 6789.745 GC heap after
Heap after GC invocations=30 (full 4):
 PSYoungGen      total 435200K, used 36493K [0x00000000d5580000, 0x00000000f5700000, 0x0000000100000000)
  eden space 368128K, 0% used [0x00000000d5580000,0x00000000d5580000,0x00000000ebd00000)
  from space 67072K, 54% used [0x00000000f1580000,0x00000000f3923418,0x00000000f5700000)
  to   space 78848K, 0% used [0x00000000ebd00000,0x00000000ebd00000,0x00000000f0a00000)
 ParOldGen       total 708608K, used 75250K [0x0000000080000000, 0x00000000ab400000, 0x00000000d5580000)
  object space 708608K, 10% used [0x0000000080000000,0x000000008497c970,0x00000000ab400000)
 Metaspace       used 107893K, capacity 116008K, committed 116248K, reserved 1150976K
  class space    used 13845K, capacity 15336K, committed 15408K, reserved 1048576K
}
Event: 6807.454 GC heap before
{Heap before GC invocations=31 (full 4):
 PSYoungGen      total 435200K, used 404616K [0x00000000d5580000, 0x00000000f5700000, 0x0000000100000000)
  eden space 368128K, 99% used [0x00000000d5580000,0x00000000ebcfef48,0x00000000ebd00000)
  from space 67072K, 54% used [0x00000000f1580000,0x00000000f3923418,0x00000000f5700000)
  to   space 78848K, 0% used [0x00000000ebd00000,0x00000000ebd00000,0x00000000f0a00000)
 ParOldGen       total 708608K, used 75250K [0x0000000080000000, 0x00000000ab400000, 0x00000000d5580000)
  object space 708608K, 10% used [0x0000000080000000,0x000000008497c970,0x00000000ab400000)
 Metaspace       used 108070K, capacity 116124K, committed 116248K, reserved 1150976K
  class space    used 13851K, capacity 15344K, committed 15408K, reserved 1048576K
Event: 6807.464 GC heap after
Heap after GC invocations=31 (full 4):
 PSYoungGen      total 393216K, used 31452K [0x00000000d5580000, 0x00000000f4a80000, 0x0000000100000000)
  eden space 361472K, 0% used [0x00000000d5580000,0x00000000d5580000,0x00000000eb680000)
  from space 31744K, 99% used [0x00000000ebd00000,0x00000000edbb73e8,0x00000000edc00000)
  to   space 75776K, 0% used [0x00000000f0080000,0x00000000f0080000,0x00000000f4a80000)
 ParOldGen       total 708608K, used 75258K [0x0000000080000000, 0x00000000ab400000, 0x00000000d5580000)
  object space 708608K, 10% used [0x0000000080000000,0x000000008497e970,0x00000000ab400000)
 Metaspace       used 108070K, capacity 116124K, committed 116248K, reserved 1150976K
  class space    used 13851K, capacity 15344K, committed 15408K, reserved 1048576K
}
Event: 6839.521 GC heap before
{Heap before GC invocations=32 (full 4):
 PSYoungGen      total 393216K, used 392924K [0x00000000d5580000, 0x00000000f4a80000, 0x0000000100000000)
  eden space 361472K, 100% used [0x00000000d5580000,0x00000000eb680000,0x00000000eb680000)
  from space 31744K, 99% used [0x00000000ebd00000,0x00000000edbb73e8,0x00000000edc00000)
  to   space 75776K, 0% used [0x00000000f0080000,0x00000000f0080000,0x00000000f4a80000)
 ParOldGen       total 708608K, used 75258K [0x0000000080000000, 0x00000000ab400000, 0x00000000d5580000)
  object space 708608K, 10% used [0x0000000080000000,0x000000008497e970,0x00000000ab400000)
 Metaspace       used 108214K, capacity 116342K, committed 116504K, reserved 1150976K
  class space    used 13853K, capacity 15347K, committed 15408K, reserved 1048576K
Event: 6839.530 GC heap after
Heap after GC invocations=32 (full 4):
 PSYoungGen      total 418816K, used 27972K [0x00000000d5580000, 0x00000000f3f00000, 0x0000000100000000)
  eden space 354816K, 0% used [0x00000000d5580000,0x00000000d5580000,0x00000000eb000000)
  from space 64000K, 43% used [0x00000000f0080000,0x00000000f1bd1088,0x00000000f3f00000)
  to   space 73216K, 0% used [0x00000000eb000000,0x00000000eb000000,0x00000000ef780000)
 ParOldGen       total 708608K, used 75266K [0x0000000080000000, 0x00000000ab400000, 0x00000000d5580000)
  object space 708608K, 10% used [0x0000000080000000,0x0000000084980970,0x00000000ab400000)
 Metaspace       used 108214K, capacity 116342K, committed 116504K, reserved 1150976K
  class space    used 13853K, capacity 15347K, committed 15408K, reserved 1048576K
}
Event: 6882.677 GC heap before
{Heap before GC invocations=33 (full 4):
 PSYoungGen      total 418816K, used 382788K [0x00000000d5580000, 0x00000000f3f00000, 0x0000000100000000)
  eden space 354816K, 100% used [0x00000000d5580000,0x00000000eb000000,0x00000000eb000000)
  from space 64000K, 43% used [0x00000000f0080000,0x00000000f1bd1088,0x00000000f3f00000)
  to   space 73216K, 0% used [0x00000000eb000000,0x00000000eb000000,0x00000000ef780000)
 ParOldGen       total 708608K, used 75266K [0x0000000080000000, 0x00000000ab400000, 0x00000000d5580000)
  object space 708608K, 10% used [0x0000000080000000,0x0000000084980970,0x00000000ab400000)
 Metaspace       used 109503K, capacity 119444K, committed 119576K, reserved 1153024K
  class space    used 14121K, capacity 15842K, committed 15920K, reserved 1048576K
Event: 6882.686 GC heap after
Heap after GC invocations=33 (full 4):
 PSYoungGen      total 375296K, used 26736K [0x00000000d5580000, 0x00000000f3480000, 0x0000000100000000)
  eden space 348160K, 0% used [0x00000000d5580000,0x00000000d5580000,0x00000000ea980000)
  from space 27136K, 98% used [0x00000000eb000000,0x00000000eca1c258,0x00000000eca80000)
  to   space 71168K, 0% used [0x00000000eef00000,0x00000000eef00000,0x00000000f3480000)
 ParOldGen       total 708608K, used 75274K [0x0000000080000000, 0x00000000ab400000, 0x00000000d5580000)
  object space 708608K, 10% used [0x0000000080000000,0x0000000084982970,0x00000000ab400000)
 Metaspace       used 109503K, capacity 119444K, committed 119576K, reserved 1153024K
  class space    used 14121K, capacity 15842K, committed 15920K, reserved 1048576K
}

Deoptimization events (10 events):
Event: 6749.740 Thread 0x0000000021378800 Uncommon trap: reason=class_check action=maybe_recompile pc=0x0000000003c38760 method=java.util.Spliterators.spliterator(Ljava/util/Collection;I)Ljava/util/Spliterator; @ 8
Event: 6772.281 Thread 0x000000002136f800 Uncommon trap: reason=null_check action=make_not_entrant pc=0x0000000006db379c method=org.gradle.api.internal.tasks.properties.bean.AbstractNestedRuntimeBeanNode$BeanPropertyValue.isConfigurable()Z @ 9
Event: 6772.942 Thread 0x000000001cd34000 Uncommon trap: reason=unstable_if action=reinterpret pc=0x0000000006d3df64 method=java.util.Spliterators$1Adapter.hasNext()Z @ 4
Event: 6788.986 Thread 0x0000000021371000 Uncommon trap: reason=class_check action=maybe_recompile pc=0x0000000003c79cd0 method=org.gradle.internal.component.model.DependencyMetadataRules$$Lambda$526/2121067771.isSatisfiedBy(Ljava/lang/Object;)Z @ 4
Event: 6788.986 Thread 0x0000000021371000 Uncommon trap: reason=class_check action=maybe_recompile pc=0x0000000003c79cd0 method=org.gradle.internal.component.model.DependencyMetadataRules$$Lambda$526/2121067771.isSatisfiedBy(Ljava/lang/Object;)Z @ 4
Event: 6788.986 Thread 0x0000000021371000 Uncommon trap: reason=class_check action=maybe_recompile pc=0x0000000003c79cd0 method=org.gradle.internal.component.model.DependencyMetadataRules$$Lambda$526/2121067771.isSatisfiedBy(Ljava/lang/Object;)Z @ 4
Event: 6788.986 Thread 0x0000000021371000 Uncommon trap: reason=class_check action=maybe_recompile pc=0x0000000003c79cd0 method=org.gradle.internal.component.model.DependencyMetadataRules$$Lambda$526/2121067771.isSatisfiedBy(Ljava/lang/Object;)Z @ 4
Event: 6789.002 Thread 0x000000001bb4e800 Uncommon trap: reason=unstable_if action=reinterpret pc=0x000000000546e95c method=java.util.Random.next(I)I @ 35
Event: 6790.227 Thread 0x0000000021369800 Uncommon trap: reason=null_check action=make_not_entrant pc=0x0000000005db94ac method=java.lang.ThreadLocal$ThreadLocalMap.set(Ljava/lang/ThreadLocal;Ljava/lang/Object;)V @ 36
Event: 6882.876 Thread 0x000000001bb48800 Uncommon trap: reason=unstable_if action=reinterpret pc=0x0000000005092518 method=java.io.BufferedReader.readLine(Z)Ljava/lang/String; @ 265

Classes redefined (0 events):
No events

Internal exceptions (10 events):
Event: 6840.137 Thread 0x000000001cd29800 Exception <a 'java/lang/InterruptedException'> (0x00000000de715138) thrown at [C:\src\AOSP-openjdk-git\hotspot\src\share\vm\runtime\objectMonitor.cpp, line 1680]
Event: 6840.442 Thread 0x000000002136e800 Exception <a 'sun/nio/fs/WindowsException'> (0x00000000deac3be0) thrown at [C:\src\AOSP-openjdk-git\hotspot\src\share\vm\prims\jni.cpp, line 710]
Event: 6840.442 Thread 0x000000002136e800 Exception <a 'sun/nio/fs/WindowsException'> (0x00000000deac4918) thrown at [C:\src\AOSP-openjdk-git\hotspot\src\share\vm\prims\jni.cpp, line 710]
Event: 6840.443 Thread 0x000000002136e800 Exception <a 'sun/nio/fs/WindowsException'> (0x00000000deaca8e0) thrown at [C:\src\AOSP-openjdk-git\hotspot\src\share\vm\prims\jni.cpp, line 710]
Event: 6840.443 Thread 0x000000002136e800 Exception <a 'sun/nio/fs/WindowsException'> (0x00000000deacb660) thrown at [C:\src\AOSP-openjdk-git\hotspot\src\share\vm\prims\jni.cpp, line 710]
Event: 6840.443 Thread 0x000000002136e800 Exception <a 'sun/nio/fs/WindowsException'> (0x00000000deacd5c8) thrown at [C:\src\AOSP-openjdk-git\hotspot\src\share\vm\prims\jni.cpp, line 710]
Event: 6840.443 Thread 0x000000002136e800 Exception <a 'sun/nio/fs/WindowsException'> (0x00000000deace358) thrown at [C:\src\AOSP-openjdk-git\hotspot\src\share\vm\prims\jni.cpp, line 710]
Event: 6840.446 Thread 0x000000002136e800 Exception <a 'sun/nio/fs/WindowsException'> (0x00000000debe3810) thrown at [C:\src\AOSP-openjdk-git\hotspot\src\share\vm\prims\jni.cpp, line 710]
Event: 6840.446 Thread 0x000000002136e800 Exception <a 'sun/nio/fs/WindowsException'> (0x00000000debe4578) thrown at [C:\src\AOSP-openjdk-git\hotspot\src\share\vm\prims\jni.cpp, line 710]
Event: 6882.467 Thread 0x0000000021369800 Exception <a 'sun/nio/fs/WindowsException'> (0x00000000e2bd09d8) thrown at [C:\src\AOSP-openjdk-git\hotspot\src\share\vm\prims\jni.cpp, line 710]

Events (10 events):
Event: 6882.687 Executing VM operation: RevokeBias done
Event: 6882.688 Thread 0x000000001cd29800 Thread exited: 0x000000001cd29800
Event: 6882.761 Thread 0x000000001bb4b800 Thread added: 0x000000001bb4b800
Event: 6882.761 Executing VM operation: RevokeBias
Event: 6882.761 Executing VM operation: RevokeBias done
Event: 6882.876 Thread 0x000000001bb48800 Uncommon trap: trap_request=0xffffff65 fr.pc=0x0000000005092518
Event: 6882.876 Executing VM operation: RevokeBias
Event: 6882.876 Executing VM operation: RevokeBias done
Event: 6882.876 Thread 0x000000001bb48800 DEOPT PACKING pc=0x0000000005092518 sp=0x000000004086f650
Event: 6882.876 Thread 0x000000001bb48800 DEOPT UNPACKING pc=0x00000000025a557b sp=0x000000004086f650 mode 2


Dynamic libraries:
0x00007ff7a52e0000 - 0x00007ff7a5311000 	C:\Program Files\Android\Android Studio\jre\bin\java.exe
0x00007ffa14430000 - 0x00007ffa1461d000 	C:\Windows\SYSTEM32\ntdll.dll
0x00007ffa12c40000 - 0x00007ffa12cf3000 	C:\Windows\System32\KERNEL32.DLL
0x00007ffa11020000 - 0x00007ffa112b5000 	C:\Windows\System32\KERNELBASE.dll
0x00007ffa12b90000 - 0x00007ffa12c33000 	C:\Windows\System32\ADVAPI32.dll
0x00007ffa13540000 - 0x00007ffa135de000 	C:\Windows\System32\msvcrt.dll
0x00007ffa13b60000 - 0x00007ffa13bfe000 	C:\Windows\System32\sechost.dll
0x00007ffa138d0000 - 0x00007ffa139f2000 	C:\Windows\System32\RPCRT4.dll
0x00007ffa12eb0000 - 0x00007ffa13047000 	C:\Windows\System32\USER32.dll
0x00007ffa11530000 - 0x00007ffa11550000 	C:\Windows\System32\win32u.dll
0x00007ffa13ac0000 - 0x00007ffa13ae9000 	C:\Windows\System32\GDI32.dll
0x00007ffa106d0000 - 0x00007ffa1086c000 	C:\Windows\System32\gdi32full.dll
0x00007ffa11570000 - 0x00007ffa11610000 	C:\Windows\System32\msvcp_win.dll
0x00007ffa10550000 - 0x00007ffa1064a000 	C:\Windows\System32\ucrtbase.dll
0x00007ffa04bb0000 - 0x00007ffa04e29000 	C:\Windows\WinSxS\amd64_microsoft.windows.common-controls_6595b64144ccf1df_6.0.17763.1554_none_de728818534a243f\COMCTL32.dll
0x00007ffa13080000 - 0x00007ffa133ad000 	C:\Windows\System32\combase.dll
0x00007ffa10650000 - 0x00007ffa106ce000 	C:\Windows\System32\bcryptPrimitives.dll
0x00007ffa13050000 - 0x00007ffa1307e000 	C:\Windows\System32\IMM32.DLL
0x00000000733d0000 - 0x00000000734a2000 	C:\Program Files\Android\Android Studio\jre\jre\bin\msvcr100.dll
0x0000000074b20000 - 0x000000007536b000 	C:\Program Files\Android\Android Studio\jre\jre\bin\server\jvm.dll
0x00007ffa13dd0000 - 0x00007ffa13dd8000 	C:\Windows\System32\PSAPI.DLL
0x00007ffa0af90000 - 0x00007ffa0af99000 	C:\Windows\SYSTEM32\WSOCK32.dll
0x00007ffa0e4a0000 - 0x00007ffa0e4c4000 	C:\Windows\SYSTEM32\WINMM.dll
0x00007ffa0fee0000 - 0x00007ffa0feea000 	C:\Windows\SYSTEM32\VERSION.dll
0x00007ffa13af0000 - 0x00007ffa13b5d000 	C:\Windows\System32\WS2_32.dll
0x00007ffa0e470000 - 0x00007ffa0e49d000 	C:\Windows\SYSTEM32\WINMMBASE.dll
0x00007ffa10fd0000 - 0x00007ffa1101a000 	C:\Windows\System32\cfgmgr32.dll
0x00007ffa0fc60000 - 0x00007ffa0fc95000 	C:\Program Files (x86)\InfoTeCS\ViPNet CSP\itccspks64.dll
0x00007ff9f0da0000 - 0x00007ff9f0daf000 	C:\Program Files\Android\Android Studio\jre\jre\bin\verify.dll
0x00007ff9d9990000 - 0x00007ff9d99b9000 	C:\Program Files\Android\Android Studio\jre\jre\bin\java.dll
0x00007ff9e9650000 - 0x00007ff9e9666000 	C:\Program Files\Android\Android Studio\jre\jre\bin\zip.dll
0x00007ffa11690000 - 0x00007ffa12b89000 	C:\Windows\System32\SHELL32.dll
0x00007ffa13e90000 - 0x00007ffa13f38000 	C:\Windows\System32\shcore.dll
0x00007ffa10870000 - 0x00007ffa10fc3000 	C:\Windows\System32\windows.storage.dll
0x00007ffa10470000 - 0x00007ffa10494000 	C:\Windows\System32\profapi.dll
0x00007ffa10410000 - 0x00007ffa1046d000 	C:\Windows\System32\powrprof.dll
0x00007ffa13480000 - 0x00007ffa134d2000 	C:\Windows\System32\shlwapi.dll
0x00007ffa103f0000 - 0x00007ffa10401000 	C:\Windows\System32\kernel.appcore.dll
0x00007ffa11550000 - 0x00007ffa11567000 	C:\Windows\System32\cryptsp.dll
0x00007ffa0fef0000 - 0x00007ffa0ff33000 	C:\Program Files (x86)\InfoTeCS\ViPNet CSP\Itccspbs64.Dll
0x00007ff9d9970000 - 0x00007ff9d998a000 	C:\Program Files\Android\Android Studio\jre\jre\bin\net.dll
0x00007ffa0fb90000 - 0x00007ffa0fbf7000 	C:\Windows\system32\mswsock.dll
0x00007ff9d9950000 - 0x00007ff9d9963000 	C:\Program Files\Android\Android Studio\jre\jre\bin\nio.dll
0x00007ff9ea8f0000 - 0x00007ff9ea917000 	C:\Users\DiabloZ\.gradle\native\f6784746aeab05261644944871eae4fe03e0ef1612fff0a4a95f87b438bc6780\windows-amd64\native-platform.dll
0x00007ff9ea8e0000 - 0x00007ff9ea8ed000 	C:\Program Files\Android\Android Studio\jre\jre\bin\management.dll
0x00007ffa0f6c0000 - 0x00007ffa0f6f3000 	C:\Windows\system32\rsaenh.dll
0x00007ffa11500000 - 0x00007ffa11526000 	C:\Windows\System32\bcrypt.dll
0x00007ffa10300000 - 0x00007ffa10329000 	C:\Windows\SYSTEM32\USERENV.dll
0x00007ffa0fdb0000 - 0x00007ffa0fdbc000 	C:\Windows\SYSTEM32\CRYPTBASE.dll
0x00007ffa0f860000 - 0x00007ffa0f89d000 	C:\Windows\SYSTEM32\IPHLPAPI.DLL
0x00007ffa13a90000 - 0x00007ffa13a98000 	C:\Windows\System32\NSI.dll
0x00007ffa05450000 - 0x00007ffa05466000 	C:\Windows\SYSTEM32\dhcpcsvc6.DLL
0x00007ffa05430000 - 0x00007ffa0544c000 	C:\Windows\SYSTEM32\dhcpcsvc.DLL
0x00007ffa0f8a0000 - 0x00007ffa0f966000 	C:\Windows\SYSTEM32\DNSAPI.dll
0x00007ffa05660000 - 0x00007ffa0566b000 	C:\Windows\SYSTEM32\WINNSI.DLL
0x00007ffa0c990000 - 0x00007ffa0c9ae000 	C:\Users\DiabloZ\AppData\Local\Temp\native-platform3865395400551777688dir\native-platform.dll

VM Arguments:
jvm_args: -Xmx2048m -Dfile.encoding=windows-1251 -Duser.country=RU -Duser.language=ru -Duser.variant 
java_command: org.gradle.launcher.daemon.bootstrap.GradleDaemon 6.5
java_class_path (initial): C:\Users\DiabloZ\.gradle\wrapper\dists\gradle-6.5-all\2oz4ud9k3tuxjg84bbf55q0tn\gradle-6.5\lib\gradle-launcher-6.5.jar
Launcher Type: SUN_STANDARD

Environment Variables:
JAVA_HOME=C:\Program Files\Java\jdk1.8.0_251
PATH=C:\Program Files (x86)\Common Files\Oracle\Java\javapath;C:\Windows\system32;C:\Windows;C:\Windows\System32\Wbem;C:\Windows\System32\WindowsPowerShell\v1.0\;C:\Windows\System32\OpenSSH\;C:\Program Files (x86)\NVIDIA Corporation\PhysX\Common;C:\Program Files (x86)\Common Files\Acronis\VirtualFile\;C:\Program Files (x86)\Common Files\Acronis\VirtualFile64\;C:\Program Files (x86)\Common Files\Acronis\FileProtector\;C:\Program Files (x86)\Common Files\Acronis\FileProtector64\;C:\Program Files (x86)\Common Files\Acronis\SnapAPI\;C:\Program Files\Process Lasso\;C:\Program Files\Git\cmd;C:\Program Files\Java\jdk1.8.0_251\bin\;C:\Users\DiabloZ\AppData\Local\Microsoft\WindowsApps;C:\Program Files\Java\jdk1.8.0_251\bin;
USERNAME=DiabloZ
OS=Windows_NT
PROCESSOR_IDENTIFIER=Intel64 Family 6 Model 158 Stepping 10, GenuineIntel



---------------  S Y S T E M  ---------------

OS: Windows 10.0 , 64 bit Build 17763 (10.0.17763.475)

CPU:total 12 (initial active 12) (6 cores per cpu, 2 threads per core) family 6 model 158 stepping 10, cmov, cx8, fxsr, mmx, sse, sse2, sse3, ssse3, sse4.1, sse4.2, popcnt, avx, avx2, aes, clmul, erms, rtm, 3dnowpref, lzcnt, ht, tsc, tscinvbit, bmi1, bmi2, adx

Memory: 4k page, physical 32428328k(3877292k free), swap 32428328k(6160k free)

vm_info: OpenJDK 64-Bit Server VM (25.242-b01) for windows-amd64 JRE (1.8.0_242-release-1644-b01), built by "builder" with MS VC++ 10.0 (VS2010)

time: Mon Nov 09 21:12:03 2020
timezone: RTZ 2 ()
elapsed time: 6882 seconds (0d 1h 54m 42s)

